<?xml version="1.0" encoding="UTF-8"?>
<!-- Generated by org.testng.reporters.JUnitReportReporter -->
<testsuite hostname="LAPTOP-8LQ1C4T7" failures="0" tests="1" name="facebook_Automation.Signup_Facebook" time="22.317" errors="0" timestamp="2022-11-06T09:00:50 IST" skipped="0">
  <testcase classname="facebook_Automation.Signup_Facebook" name="Signup" time="22.317"/>
  <system-out/>
</testsuite> <!-- facebook_Automation.Signup_Facebook -->
