<?xml version="1.0" encoding="UTF-8"?>
<!-- Generated by org.testng.reporters.JUnitReportReporter -->
<testsuite hostname="LAPTOP-8LQ1C4T7" failures="0" tests="1" name="facebook_Automation.WebElementCount" time="3.220" errors="0" timestamp="2022-11-07T07:01:43 IST" skipped="0">
  <testcase classname="facebook_Automation.WebElementCount" name="Image_count" time="3.220"/>
  <system-out/>
</testsuite> <!-- facebook_Automation.WebElementCount -->
