<?xml version="1.0" encoding="UTF-8"?>
<!-- Generated by org.testng.reporters.JUnitReportReporter -->
<testsuite hostname="LAPTOP-8LQ1C4T7" failures="0" tests="1" name="facebook_Automation.ActionClass" time="26.807" errors="0" timestamp="2022-11-11T09:09:58 IST" skipped="0">
  <testcase classname="facebook_Automation.ActionClass" name="Using_dragandarop" time="26.807"/>
  <system-out/>
</testsuite> <!-- facebook_Automation.ActionClass -->
