<?xml version="1.0" encoding="UTF-8"?>
<!-- Generated by org.testng.reporters.JUnitReportReporter -->
<testsuite hostname="LAPTOP-8LQ1C4T7" failures="0" tests="1" name="facebook_Automation.Navigation" time="20.864" errors="0" timestamp="2022-11-06T09:48:56 IST" skipped="0">
  <testcase classname="facebook_Automation.Navigation" name="Navigation_Methods" time="20.864"/>
  <system-out/>
</testsuite> <!-- facebook_Automation.Navigation -->
