<?xml version="1.0" encoding="UTF-8"?>
<!-- Generated by org.testng.reporters.JUnitReportReporter -->
<testsuite hostname="LAPTOP-8LQ1C4T7" failures="0" tests="1" name="facebook_Automation.Auto_It" time="8.297" errors="0" timestamp="2022-11-07T06:56:50 IST" skipped="0">
  <testcase classname="facebook_Automation.Auto_It" name="auto_It" time="8.297"/>
  <system-out/>
</testsuite> <!-- facebook_Automation.Auto_It -->
