<?xml version="1.0" encoding="UTF-8"?>
<!-- Generated by org.testng.reporters.JUnitReportReporter -->
<testsuite hostname="LAPTOP-8LQ1C4T7" failures="0" tests="1" name="facebook_Automation.WebElementCount" time="4.490" errors="0" timestamp="2022-11-11T09:13:49 IST" skipped="0">
  <testcase classname="facebook_Automation.WebElementCount" name="bodytag_count" time="4.490"/>
  <system-out/>
</testsuite> <!-- facebook_Automation.WebElementCount -->
