<?xml version="1.0" encoding="UTF-8"?>
<!-- Generated by org.testng.reporters.JUnitReportReporter -->
<testsuite hostname="LAPTOP-8LQ1C4T7" failures="0" tests="1" name="facebook_Automation.DragAndDrop" time="11.059" errors="0" timestamp="2022-11-07T08:34:39 IST" skipped="0">
  <testcase classname="facebook_Automation.DragAndDrop" name="Using_dragandarop" time="11.059"/>
  <system-out/>
</testsuite> <!-- facebook_Automation.DragAndDrop -->
