<?xml version="1.0" encoding="UTF-8"?>
<!-- Generated by org.testng.reporters.JUnitReportReporter -->
<testsuite hostname="LAPTOP-8LQ1C4T7" failures="0" tests="1" name="facebook_Automation.Javaexecuter" time="7.938" errors="0" timestamp="2022-11-06T21:45:39 IST" skipped="0">
  <testcase classname="facebook_Automation.Javaexecuter" name="ScrollUpAndDown" time="7.938"/>
  <system-out/>
</testsuite> <!-- facebook_Automation.Javaexecuter -->
