<?xml version="1.0" encoding="UTF-8"?>
<!-- Generated by org.testng.reporters.JUnitReportReporter -->
<testsuite hostname="LAPTOP-8LQ1C4T7" failures="0" tests="1" name="facebook_Automation.Locators" time="11.989" errors="0" timestamp="2022-11-06T20:24:08 IST" skipped="0">
  <testcase classname="facebook_Automation.Locators" name="Locators_namemethod" time="11.989"/>
  <system-out/>
</testsuite> <!-- facebook_Automation.Locators -->
