<?xml version="1.0" encoding="UTF-8"?>
<!-- Generated by org.testng.reporters.JUnitReportReporter -->
<testsuite hostname="LAPTOP-8LQ1C4T7" failures="0" tests="1" name="facebook_Automation.LoginPage" time="9.727" errors="0" timestamp="2022-11-05T08:19:29 IST" skipped="0">
  <testcase classname="facebook_Automation.LoginPage" name="auto_It" time="9.727"/>
  <system-out/>
</testsuite> <!-- facebook_Automation.LoginPage -->
