<?xml version="1.0" encoding="UTF-8"?>
<!-- Generated by org.testng.reporters.JUnitReportReporter -->
<testsuite hostname="LAPTOP-8LQ1C4T7" failures="0" tests="1" name="facebook_Automation.IsDiseblesTextField" time="9.220" errors="0" timestamp="2022-11-07T08:36:31 IST" skipped="0">
  <testcase classname="facebook_Automation.IsDiseblesTextField" name="disabled_Textfield" time="9.220"/>
  <system-out/>
</testsuite> <!-- facebook_Automation.IsDiseblesTextField -->
