<?xml version="1.0" encoding="UTF-8"?>
<!-- Generated by org.testng.reporters.JUnitReportReporter -->
<testsuite hostname="LAPTOP-8LQ1C4T7" failures="0" tests="1" name="facebook_Automation.Takescreenshot" time="4.511" errors="0" timestamp="2022-11-11T09:14:51 IST" skipped="0">
  <testcase classname="facebook_Automation.Takescreenshot" name="TakeScreenShot_method" time="4.511"/>
  <system-out/>
</testsuite> <!-- facebook_Automation.Takescreenshot -->
