<?xml version="1.0" encoding="UTF-8"?>
<!-- Generated by org.testng.reporters.JUnitReportReporter -->
<testsuite hostname="LAPTOP-8LQ1C4T7" failures="0" tests="1" name="facebook_Automation.Takescreenshot" time="6.435" errors="0" timestamp="2022-11-06T09:41:26 IST" skipped="0">
  <testcase classname="facebook_Automation.Takescreenshot" name="TakeScreenShot_method" time="6.435"/>
  <system-out/>
</testsuite> <!-- facebook_Automation.Takescreenshot -->
