<?xml version="1.0" encoding="UTF-8"?>
<!-- Generated by org.testng.reporters.JUnitReportReporter -->
<testsuite hostname="LAPTOP-8LQ1C4T7" failures="0" tests="1" name="facebook_Automation.Robot" time="8.647" errors="0" timestamp="2022-11-06T10:26:11 IST" skipped="0">
  <testcase classname="facebook_Automation.Robot" name="Mouse_Keyboard_Methods" time="8.647"/>
  <system-out/>
</testsuite> <!-- facebook_Automation.Robot -->
