<?xml version="1.0" encoding="UTF-8"?>
<!-- Generated by org.testng.reporters.JUnitReportReporter -->
<testsuite hostname="LAPTOP-8LQ1C4T7" failures="0" tests="1" name="facebook_Automation.Frame" time="7.523" errors="0" timestamp="2022-11-07T08:35:13 IST" skipped="0">
  <testcase classname="facebook_Automation.Frame" name="Frames" time="7.523"/>
  <system-out/>
</testsuite> <!-- facebook_Automation.Frame -->
